{"name": "test_add[54-42]", "status": "failed", "statusDetails": {"message": "AssertionError: assert 54 == 42", "trace": "x = 54, y = 42\n\n    @pytest.mark.parametrize(\"x,y\",[(3+5,8),(2+4,6),(6*9,42)])\n    \n    def test_add(x,y):\n>       assert x == y\nE       assert 54 == 42\n\npytest_demo/test_pytest3.py:22: AssertionError"}, "attachments": [{"name": "log", "source": "936a7ab9-ed7e-49b5-8d74-2bf435df19cc-attachment.txt", "type": "text/plain"}, {"name": "stdout", "source": "f6856195-a6bd-48db-81a4-3874054b533c-attachment.txt", "type": "text/plain"}, {"name": "stderr", "source": "550ad8fb-01a4-4c82-a642-8ad97a801b51-attachment.txt", "type": "text/plain"}], "parameters": [{"name": "x", "value": "54"}, {"name": "y", "value": "42"}], "start": 1557282962444, "stop": 1557282962444, "uuid": "99404331-fefd-4c81-809d-6423a242e2cd", "historyId": "cc9733856bcb59efb10a0c306ab96ba8", "fullName": "pytest_demo.test_pytest3#test_add[54-42]", "labels": [{"name": "parentSuite", "value": "pytest_demo"}, {"name": "suite", "value": "test_pytest3"}, {"name": "host", "value": "123deMacBook-Pro.local"}, {"name": "thread", "value": "13188-MainThread"}, {"name": "framework", "value": "pytest"}, {"name": "language", "value": "cpython3"}, {"name": "package", "value": "pytest_demo.test_pytest3"}]}